2019-09-30 16:57:24,844 (MainThread): Tracking: tracking
2019-09-30 16:57:24,887 (MainThread): Sending event: {'category': 'dbt', 'action': 'invocation', 'label': 'start', 'context': [<snowplow_tracker.self_describing_json.SelfDescribingJson object at 0x0000000005CBC608>, <snowplow_tracker.self_describing_json.SelfDescribingJson object at 0x0000000005C8E348>, <snowplow_tracker.self_describing_json.SelfDescribingJson object at 0x0000000005C8B508>]}
2019-09-30 16:57:25,238 (MainThread): c:\python\python37\lib\site-packages\snowplow_tracker\emitters.py:225: DeprecationWarning: The 'warn' method is deprecated, use 'warning' instead

2019-09-30 16:57:25,238 (MainThread): c:\python\python37\lib\site-packages\snowplow_tracker\emitters.py:225: ResourceWarning: unclosed <socket.socket fd=488, family=AddressFamily.AF_INET, type=SocketKind.SOCK_STREAM, proto=0, laddr=('10.33.118.61', 64360), raddr=('54.164.98.48', 443)>

2019-09-30 16:57:25,240 (MainThread): Error sending message, disabling tracking
2019-09-30 16:57:25,310 (MainThread): Parsing macros\core.sql
2019-09-30 16:57:25,358 (MainThread): Parsing macros\adapters\common.sql
2019-09-30 16:57:25,454 (MainThread): Parsing macros\etc\datetime.sql
2019-09-30 16:57:25,492 (MainThread): Parsing macros\etc\get_custom_alias.sql
2019-09-30 16:57:25,511 (MainThread): Parsing macros\etc\get_custom_schema.sql
2019-09-30 16:57:25,532 (MainThread): Parsing macros\etc\get_relation_comment.sql
2019-09-30 16:57:25,554 (MainThread): Parsing macros\etc\is_incremental.sql
2019-09-30 16:57:25,610 (MainThread): Parsing macros\etc\query.sql
2019-09-30 16:57:25,651 (MainThread): Parsing macros\materializations\helpers.sql
2019-09-30 16:57:25,679 (MainThread): Parsing macros\materializations\common\merge.sql
2019-09-30 16:57:25,702 (MainThread): Parsing macros\materializations\incremental\incremental.sql
2019-09-30 16:57:25,733 (MainThread): Parsing macros\materializations\seed\seed.sql
2019-09-30 16:57:25,770 (MainThread): Parsing macros\materializations\snapshot\snapshot.sql
2019-09-30 16:57:25,827 (MainThread): Parsing macros\materializations\snapshot\snapshot_merge.sql
2019-09-30 16:57:25,844 (MainThread): Parsing macros\materializations\snapshot\strategies.sql
2019-09-30 16:57:25,874 (MainThread): Parsing macros\materializations\table\table.sql
2019-09-30 16:57:25,896 (MainThread): Parsing macros\materializations\view\create_or_replace_view.sql
2019-09-30 16:57:25,991 (MainThread): Parsing macros\materializations\view\view.sql
2019-09-30 16:57:26,018 (MainThread): Parsing macros\schema_tests\accepted_values.sql
2019-09-30 16:57:26,037 (MainThread): Parsing macros\schema_tests\not_null.sql
2019-09-30 16:57:26,058 (MainThread): Parsing macros\schema_tests\relationships.sql
2019-09-30 16:57:26,075 (MainThread): Parsing macros\schema_tests\unique.sql
2019-09-30 16:57:26,091 (MainThread): Parsing macros\adapters.sql
2019-09-30 16:57:26,125 (MainThread): Parsing macros\catalog.sql
2019-09-30 16:57:26,145 (MainThread): Parsing macros\materializations\incremental.sql
2019-09-30 16:57:26,169 (MainThread): Parsing macros\materializations\merge.sql
2019-09-30 16:57:26,188 (MainThread): Parsing macros\materializations\table.sql
2019-09-30 16:57:26,202 (MainThread): Parsing macros\materializations\view.sql
2019-09-30 16:57:26,234 (MainThread): Parsing model.dbt_test.create_table_booking_fact_uk
2019-09-30 16:57:26,237 (MainThread): Acquiring new snowflake connection "create_table_booking_fact_uk".
2019-09-30 16:57:26,237 (MainThread): Opening a new connection, currently in state init
2019-09-30 16:57:26,239 (MainThread): c:\python\python37\lib\site-packages\botocore\vendored\requests\models.py:169: DeprecationWarning: Using or importing the ABCs from 'collections' instead of from 'collections.abc' is deprecated, and in 3.8 it will stop working

2019-09-30 16:57:27,486 (MainThread): c:\python\python37\lib\site-packages\snowflake\connector\ocsp_asn1crypto.py:84: ResourceWarning: unclosed file <_io.BufferedReader name='c:\\python\\python37\\lib\\site-packages\\botocore\\vendored\\requests\\cacert.pem'>

2019-09-30 16:57:27,526 (MainThread): c:\python\python37\lib\site-packages\snowflake\connector\ocsp_asn1crypto.py:84: ResourceWarning: unclosed file <_io.BufferedReader name='c:\\python\\python37\\lib\\site-packages\\certifi\\cacert.pem'>

2019-09-30 16:57:28,135 (MainThread): Parsing model.dbt_test.v_booking_fact_uk
2019-09-30 16:57:28,137 (MainThread): Acquiring new snowflake connection "v_booking_fact_uk".
2019-09-30 16:57:28,137 (MainThread): Re-using an available connection from the pool (formerly create_table_booking_fact_uk).
2019-09-30 16:57:28,241 (MainThread): Found 2 models, 0 tests, 0 snapshots, 0 analyses, 117 macros, 0 operations, 0 seed files, 0 sources
2019-09-30 16:57:28,243 (MainThread): 
2019-09-30 16:57:28,245 (MainThread): 16:57:28 | Concurrency: 1 threads (target='dev')
2019-09-30 16:57:28,246 (MainThread): 16:57:28 | 
2019-09-30 16:57:28,255 (Thread-1): Acquiring new snowflake connection "v_booking_fact_uk".
2019-09-30 16:57:28,256 (Thread-1): Opening a new connection, currently in state init
2019-09-30 16:57:28,811 (Thread-1): Compiling model.dbt_test.v_booking_fact_uk
2019-09-30 16:57:28,854 (Thread-1): Writing injected SQL for node "model.dbt_test.v_booking_fact_uk"
2019-09-30 16:57:28,878 (Thread-1): Acquiring new snowflake connection "create_table_booking_fact_uk".
2019-09-30 16:57:28,878 (Thread-1): Re-using an available connection from the pool (formerly v_booking_fact_uk).
2019-09-30 16:57:28,879 (Thread-1): Compiling model.dbt_test.create_table_booking_fact_uk
2019-09-30 16:57:28,891 (Thread-1): Writing injected SQL for node "model.dbt_test.create_table_booking_fact_uk"
2019-09-30 16:57:28,972 (MainThread): Connection 'v_booking_fact_uk' was left open.
2019-09-30 16:57:28,973 (MainThread): On v_booking_fact_uk: Close
2019-09-30 16:57:29,048 (MainThread): Connection 'create_table_booking_fact_uk' was left open.
2019-09-30 16:57:29,049 (MainThread): On create_table_booking_fact_uk: Close
2019-09-30 16:57:29,157 (MainThread): 16:57:29 | Done.
2019-09-30 16:57:29,159 (MainThread): Flushing usage events
